/*C24*/SET SCHEMA PUBLIC
DISCONNECT
/*C25*/SET SCHEMA PUBLIC
DISCONNECT
/*C26*/SET SCHEMA PUBLIC
DISCONNECT
/*C27*/SET SCHEMA PUBLIC
DISCONNECT
/*C28*/SET SCHEMA PUBLIC
DISCONNECT
/*C29*/SET SCHEMA PUBLIC
DISCONNECT
/*C30*/SET SCHEMA PUBLIC
DISCONNECT
/*C31*/SET SCHEMA PUBLIC
DISCONNECT
/*C32*/SET SCHEMA PUBLIC
DISCONNECT
/*C33*/SET SCHEMA PUBLIC
DISCONNECT
/*C34*/SET SCHEMA PUBLIC
DISCONNECT
/*C35*/SET SCHEMA PUBLIC
DISCONNECT
/*C36*/SET SCHEMA PUBLIC
DISCONNECT
/*C37*/SET SCHEMA PUBLIC
DISCONNECT
/*C38*/SET SCHEMA PUBLIC
DISCONNECT
/*C39*/SET SCHEMA PUBLIC
DISCONNECT
/*C40*/SET SCHEMA PUBLIC
DISCONNECT
/*C41*/SET SCHEMA PUBLIC
DISCONNECT
/*C42*/SET SCHEMA PUBLIC
DISCONNECT
/*C43*/SET SCHEMA PUBLIC
DISCONNECT
/*C23*/SET SCHEMA PUBLIC
DISCONNECT
/*C44*/SET SCHEMA PUBLIC
DROP TABLE RENTAL_PROPERTY
DISCONNECT
/*C45*/SET SCHEMA PUBLIC
DROP TABLE RENTAL_RECORD
DISCONNECT
/*C46*/SET SCHEMA PUBLIC
CREATE TABLE RENTAL_PROPERTY (prop_id VARCHAR(45) NOT NULL,street_number VARCHAR(8) NOT NULL,street_name VARCHAR(20) NOT NULL,suburb VARCHAR(20) NOT NULL,prop_type VARCHAR(20) NOT NULL,bed_rooms INT NOT NULL,status VARCHAR(20) NOT NULL,last_maint_date VARCHAR(15),img_file VARCHAR(25),description VARCHAR(200),PRIMARY KEY (prop_id))
DISCONNECT
/*C47*/SET SCHEMA PUBLIC
CREATE TABLE RENTAL_RECORD (prop_id VARCHAR(45) NOT NULL, rent_id VARCHAR(45) NOT NULL,rent_date VARCHAR(15) NOT NULL,expected_return_date VARCHAR(15) NOT NULL,actual_return_date VARCHAR(15),rent_fee DOUBLE,late_fee DOUBLE,PRIMARY KEY (rent_id))
DISCONNECT
/*C48*/SET SCHEMA PUBLIC
INSERT INTO RENTAL_PROPERTY VALUES('A_12BradleyBR','12','Bradley','Brunswick','Apartment',3,'Available','NULL','apartment5.jpg','Hippest hood in Melbs. Coffee coffee coffee. And some beers. But mostly cofee coffee coffee. Lots of coffee.')
COMMIT
DISCONNECT
/*C49*/SET SCHEMA PUBLIC
INSERT INTO RENTAL_RECORD VALUES('A_12BradleyBR','A_12BradleyBR_CUS888_01122018','01/12/2018','08/12/2018','08/12/2018',2233.0E0,0.0E0)
COMMIT
DISCONNECT
/*C50*/SET SCHEMA PUBLIC
INSERT INTO RENTAL_RECORD VALUES('A_12BradleyBR','A_12BradleyBR_CUS687_16102018','16/10/2018','19/10/2018','21/10/2018',957.0E0,733.69E0)
COMMIT
DISCONNECT
/*C51*/SET SCHEMA PUBLIC
INSERT INTO RENTAL_RECORD VALUES('A_12BradleyBR','A_12BradleyBR_CUS242_01112018','01/11/2018','05/11/2018','05/11/2018',1276.0E0,0.0E0)
COMMIT
DISCONNECT
/*C52*/SET SCHEMA PUBLIC
INSERT INTO RENTAL_PROPERTY VALUES('A_345BrunswickCA','345','Brunswick','Carlton','Apartment',1,'Available','NULL','apartment1.jpg','Awesome little apartment, right above a cafe. Enjoy the Carlton gardens across the road as well as the Meuseum.')
COMMIT
DISCONNECT
/*C53*/SET SCHEMA PUBLIC
INSERT INTO RENTAL_PROPERTY VALUES('A_789WesterosSO','789','Westeros','South Yara','Apartment',1,'Available','NULL','apartment13.jpg','Awesome little apartment on the river. Enjoy the outdoors, or one of the lovely wineries nearby.')
COMMIT
DISCONNECT
/*C54*/SET SCHEMA PUBLIC
INSERT INTO RENTAL_PROPERTY VALUES('A_34BirdRdCB','34','Bird Rd','CBD','Apartment',1,'Available','NULL','apartment15.jpg','Fly high in this super fly high rise penthouse. Get a birds eye view of the city. Comes with binoculars.')
COMMIT
DISCONNECT
/*C55*/SET SCHEMA PUBLIC
INSERT INTO RENTAL_PROPERTY VALUES('S_123BradleyCB','123','Bradley','CBD','Premium Suite',3,'Available','14/10/2018','premium1.jpg','Awesome place. Super spaceous in the CBD. Steel of a deel. Really really really nice place. RENT IT!')
COMMIT
DISCONNECT
/*C56*/SET SCHEMA PUBLIC
INSERT INTO RENTAL_RECORD VALUES('S_123BradleyCB','S_123BradleyCB_CUS456_17102018','17/10/2018','18/10/2018','20/10/2018',554.0E0,1324.0E0)
COMMIT
DISCONNECT
/*C57*/SET SCHEMA PUBLIC
INSERT INTO RENTAL_RECORD VALUES('S_123BradleyCB','S_123BradleyCB_CUS321_14102018','14/10/2018','16/10/2018','17/10/2018',1108.0E0,662.0E0)
COMMIT
DISCONNECT
/*C58*/SET SCHEMA PUBLIC
INSERT INTO RENTAL_PROPERTY VALUES('A_12AbbeyRdBE','12','Abbey Rd','Bendigo','Apartment',3,'Available','NULL','apartment12.jpg','Might as well be accross the universe from the big city life. Run through strawberry fields just down the street.')
COMMIT
DISCONNECT
/*C59*/SET SCHEMA PUBLIC
INSERT INTO RENTAL_PROPERTY VALUES('A_666DevilsLnCB','666','Devils Ln','CBD','Apartment',1,'Available','NULL','apartment8.jpg','This spooky apartment is garaunteed to give you a freight. Complaints of hauntings are frequent. Youve been warned.')
COMMIT
DISCONNECT
/*C60*/SET SCHEMA PUBLIC
INSERT INTO RENTAL_RECORD VALUES('A_666DevilsLnCB','A_666DevilsLnCB_CUS766_01012019','01/01/2019','04/01/2019','04/01/2019',429.0E0,0.0E0)
COMMIT
DISCONNECT
/*C61*/SET SCHEMA PUBLIC
INSERT INTO RENTAL_RECORD VALUES('A_666DevilsLnCB','A_666DevilsLnCB_CUS456_01112018','01/11/2018','07/11/2018','07/11/2018',858.0E0,0.0E0)
COMMIT
DISCONNECT
/*C62*/SET SCHEMA PUBLIC
INSERT INTO RENTAL_PROPERTY VALUES('A_77BlackwallCO','77','Blackwall','Collingwood','Apartment',1,'Available','NULL','apartment7.jpg','Come celebrate the AFL champs in this cool apartment. We love the magpies. Woop woop. Go Magpies go!')
COMMIT
DISCONNECT
/*C63*/SET SCHEMA PUBLIC
INSERT INTO RENTAL_RECORD VALUES('A_77BlackwallCO','A_77BlackwallCO_CUS999_31012019','31/01/2019','04/02/2019','12/02/2019',572.0E0,1315.6E0)
COMMIT
DISCONNECT
/*C64*/SET SCHEMA PUBLIC
INSERT INTO RENTAL_RECORD VALUES('A_77BlackwallCO','A_77BlackwallCO_CUS777_01122018','01/12/2018','06/12/2018','07/12/2018',715.0E0,164.45E0)
COMMIT
DISCONNECT
/*C65*/SET SCHEMA PUBLIC
INSERT INTO RENTAL_RECORD VALUES('A_77BlackwallCO','A_77BlackwallCO_CUS123_19102018','19/10/2018','01/11/2018','01/11/2018',1859.0E0,0.0E0)
COMMIT
DISCONNECT
/*C66*/SET SCHEMA PUBLIC
INSERT INTO RENTAL_PROPERTY VALUES('A_003','107','Elizabeth Street','Jolimont','Apartment',1,'Available','NULL','A_003.jpg','This Elizabeth Street property is 1500 sqaure feet, and near pleanty of cafes and lovely small town restaurants.')
COMMIT
DISCONNECT
/*C67*/SET SCHEMA PUBLIC
INSERT INTO RENTAL_RECORD VALUES('A_003','A_003_CUS_046_01072018','01/07/2018','08/07/2018','09/07/2018',1001.0E0,164.45E0)
COMMIT
DISCONNECT
/*C68*/SET SCHEMA PUBLIC
INSERT INTO RENTAL_RECORD VALUES('A_003','A_003_CUS_012_11072018','11/07/2018','14/07/2018','17/07/2018',429.0E0,493.35E0)
COMMIT
DISCONNECT
/*C69*/SET SCHEMA PUBLIC
INSERT INTO RENTAL_PROPERTY VALUES('A_123GoogleCB','123','Google','CBD','Apartment',2,'Available','NULL','apartment4.jpg','Searching for an awesome rental property for your next vacation? Well search no longer. You have found it.')
COMMIT
DISCONNECT
/*C70*/SET SCHEMA PUBLIC
INSERT INTO RENTAL_RECORD VALUES('A_123GoogleCB','A_123GoogleCB_CUS747_01012019','01/01/2019','05/01/2019','08/01/2019',840.0E0,724.49E0)
COMMIT
DISCONNECT
/*C71*/SET SCHEMA PUBLIC
INSERT INTO RENTAL_RECORD VALUES('A_123GoogleCB','A_123GoogleCB_CUS123_01122018','01/12/2018','04/12/2018','04/12/2018',630.0E0,0.0E0)
COMMIT
DISCONNECT
/*C72*/SET SCHEMA PUBLIC
INSERT INTO RENTAL_PROPERTY VALUES('A_1313ParkPA','1313','Park','Parkville','Apartment',2,'Available','NULL','aparment2.jpg','Right in the park. Perfect for running or biking or any kind of exercise. You will love this place!')
COMMIT
DISCONNECT
/*C73*/SET SCHEMA PUBLIC
INSERT INTO RENTAL_RECORD VALUES('A_1313ParkPA','A_1313ParkPA_CUS343_01122018','01/12/2018','08/12/2018','09/12/2018',1470.0E0,241.49E0)
COMMIT
DISCONNECT
/*C74*/SET SCHEMA PUBLIC
INSERT INTO RENTAL_RECORD VALUES('A_1313ParkPA','A_1313ParkPA_CUS012_20102018','20/10/2018','25/10/2018','01/11/2018',1050.0E0,1690.49E0)
COMMIT
DISCONNECT
/*C75*/SET SCHEMA PUBLIC
INSERT INTO RENTAL_PROPERTY VALUES('A_45BelDeMarST','45','Bel De Mar','St Kilda','Apartment',1,'Available','NULL','apartment14.jpg','Cool little apartment perfect for a romantic get away. Just enough room for two, and maybe a dog or three.')
COMMIT
DISCONNECT
/*C76*/SET SCHEMA PUBLIC
INSERT INTO RENTAL_PROPERTY VALUES('S_11SauvagePA','11','Sauvage','Parkville','Premium Suite',3,'Available','01/11/2018','parkville.jpg','This is a truly excelent home. In an excelent location, only 10 minutes from train, and 15 to Brunswick.')
COMMIT
DISCONNECT
/*C77*/SET SCHEMA PUBLIC
INSERT INTO RENTAL_RECORD VALUES('S_11SauvagePA','S_11SauvagePA_CUS555_01112018','01/11/2018','05/11/2018','05/11/2018',2216.0E0,0.0E0)
COMMIT
DISCONNECT
/*C78*/SET SCHEMA PUBLIC
INSERT INTO RENTAL_RECORD VALUES('S_11SauvagePA','S_11SauvagePA_CUS545_15102018','15/10/2018','17/10/2018','19/10/2018',1108.0E0,1324.0E0)
COMMIT
DISCONNECT
/*C79*/SET SCHEMA PUBLIC
INSERT INTO RENTAL_PROPERTY VALUES('A_45612thCB','456','12th','CBD','Apartment',1,'Available','NULL','apartment10.jpg','In the middle of the city. Dont look up the adress before booking, because you probably will not find it. Suspicous...')
COMMIT
DISCONNECT
/*C80*/SET SCHEMA PUBLIC
INSERT INTO RENTAL_RECORD VALUES('A_45612thCB','A_45612thCB_CUS543_01112018','01/11/2018','07/11/2018','10/11/2018',858.0E0,493.35E0)
COMMIT
DISCONNECT
/*C81*/SET SCHEMA PUBLIC
INSERT INTO RENTAL_RECORD VALUES('A_45612thCB','A_45612thCB_CUS345_01122018','01/12/2018','05/12/2018','06/12/2018',572.0E0,164.45E0)
COMMIT
DISCONNECT
/*C82*/SET SCHEMA PUBLIC
INSERT INTO RENTAL_PROPERTY VALUES('A_55JamesCA','55','James','Carlton North','Apartment',2,'Available','NULL','apartment3.jpg','Cool little apartment in a cool little neighborhood. Cafes and bars a plenty in this area. Great place to sleep.')
COMMIT
DISCONNECT
/*C83*/SET SCHEMA PUBLIC
INSERT INTO RENTAL_RECORD VALUES('A_55JamesCA','A_55JamesCA_CUS987_03122018','03/12/2018','07/12/2018','13/12/2018',840.0E0,1448.99E0)
COMMIT
DISCONNECT
/*C84*/SET SCHEMA PUBLIC
INSERT INTO RENTAL_RECORD VALUES('A_55JamesCA','A_55JamesCA_CUS599_01012019','01/01/2019','04/01/2019','05/01/2019',630.0E0,241.49E0)
COMMIT
DISCONNECT
/*C85*/SET SCHEMA PUBLIC
INSERT INTO RENTAL_PROPERTY VALUES('A_23LonsdaleCB','23','Lonsdale','CBD','Apartment',2,'Available','NULL','apartment9.jpg','Cool downtown apartment. Not lots of room, but enought to sleep. You wont need more because youll be out all day.')
COMMIT
DISCONNECT
/*C86*/SET SCHEMA PUBLIC
INSERT INTO RENTAL_RECORD VALUES('A_23LonsdaleCB','A_23LonsdaleCB_CUS881_01012019','01/01/2019','05/01/2019','13/01/2019',840.0E0,1931.99E0)
COMMIT
DISCONNECT
/*C87*/SET SCHEMA PUBLIC
INSERT INTO RENTAL_RECORD VALUES('A_23LonsdaleCB','A_23LonsdaleCB_CUS444_01122018','01/12/2018','08/12/2018','07/12/2018',1260.0E0,0.0E0)
COMMIT
DISCONNECT
/*C88*/SET SCHEMA PUBLIC
INSERT INTO RENTAL_PROPERTY VALUES('A_55HarryFI','55','Harry','Fitzroy','Apartment',3,'Available','NULL','apartment6.jpg','Super stylish place. Invite some people over and impress them with the decour. It wont disapoint.')
COMMIT
DISCONNECT
/*C89*/SET SCHEMA PUBLIC
INSERT INTO RENTAL_RECORD VALUES('A_55HarryFI','A_55HarryFI_CUS898_01012019','01/01/2019','04/01/2019','04/01/2019',957.0E0,0.0E0)
COMMIT
DISCONNECT
/*C90*/SET SCHEMA PUBLIC
INSERT INTO RENTAL_RECORD VALUES('A_55HarryFI','A_55HarryFI_CUS009_01122018','01/12/2018','04/12/2018','04/12/2018',957.0E0,0.0E0)
COMMIT
DISCONNECT
/*C91*/SET SCHEMA PUBLIC
INSERT INTO RENTAL_PROPERTY VALUES('S_002','593','William Street','Carlton South','Premium Suite',3,'Available','01/08/2018','S_002.jpg','This William Street Premium Suite is a very spaceous 4500 square meters. It can fit seven families.')
COMMIT
DISCONNECT
/*C92*/SET SCHEMA PUBLIC
INSERT INTO RENTAL_RECORD VALUES('S_002','S_002_CUS_023_08072018','08/07/2018','13/07/2018','29/07/2018',2770.0E0,2480.0E0)
COMMIT
DISCONNECT
/*C93*/SET SCHEMA PUBLIC
INSERT INTO RENTAL_RECORD VALUES('S_002','S_002_CUS_021_01072018','01/07/2018','06/07/2018','06/07/2018',2770.0E0,0.0E0)
COMMIT
DISCONNECT
/*C94*/SET SCHEMA PUBLIC
INSERT INTO RENTAL_PROPERTY VALUES('S_44BlahDrCA','44','Blah Dr','Carlton','Premium Suite',3,'Available','14/10/2018','premium2.jpg','Awesome place in Carlton. Definitely worth the money. You wont be disapointed with this huge rental property.')
COMMIT
DISCONNECT
/*C95*/SET SCHEMA PUBLIC
INSERT INTO RENTAL_RECORD VALUES('S_44BlahDrCA','S_44BlahDrCA_CUS777_19102018','19/10/2018','20/10/2018','20/10/2018',554.0E0,0.0E0)
COMMIT
DISCONNECT
/*C96*/SET SCHEMA PUBLIC
INSERT INTO RENTAL_RECORD VALUES('S_44BlahDrCA','S_44BlahDrCA_CUS321_15102018','15/10/2018','16/10/2018','16/10/2018',554.0E0,0.0E0)
COMMIT
DISCONNECT
/*C97*/SET SCHEMA PUBLIC
INSERT INTO RENTAL_PROPERTY VALUES('S_444SydneyBR','444','Sydney','Brunswick','Premium Suite',3,'Available','14/10/2018','premium3.jpg','Near lots of cafes and bars. Right on the main strip of Brunny. Have the time of your life in this awesome property!!!')
COMMIT
DISCONNECT
/*C98*/SET SCHEMA PUBLIC
INSERT INTO RENTAL_RECORD VALUES('S_444SydneyBR','S_444SydneyBR_CUS456_20102018','20/10/2018','21/10/2018','21/10/2018',554.0E0,0.0E0)
COMMIT
DISCONNECT
/*C99*/SET SCHEMA PUBLIC
INSERT INTO RENTAL_RECORD VALUES('S_444SydneyBR','S_444SydneyBR_CUS333_18102018','18/10/2018','19/10/2018','20/10/2018',554.0E0,662.0E0)
COMMIT
DISCONNECT
